# JRE version: Java(TM) SE Runtime Environment (8.0_144-b01) (build 1.8.0_144-b01)
# Java VM: Java HotSpot(TM) 64-Bit Server VM (25.144-b01 mixed mode bsd-amd64 compressed oops)
Heap:
 PSYoungGen      total 145920K, used 13902K [0x000000076ab00000, 0x0000000777880000, 0x00000007c0000000)
  eden space 132096K, 10% used [0x000000076ab00000,0x000000076b8939f8,0x0000000772c00000)
  from space 13824K, 0% used [0x0000000773c00000,0x0000000773c00000,0x0000000774980000)
  to   space 16384K, 0% used [0x0000000772c00000,0x0000000772c00000,0x0000000773c00000)
 ParOldGen       total 179712K, used 21654K [0x00000006c0000000, 0x00000006caf80000, 0x000000076ab00000)
  object space 179712K, 12% used [0x00000006c0000000,0x00000006c1525bd8,0x00000006caf80000)
 Metaspace       used 36141K, capacity 36624K, committed 36952K, reserved 1081344K
  class space    used 4624K, capacity 4763K, committed 4864K, reserved 1048576K
GC Heap History (10 events):
Event: 1.968 GC heap before
{Heap before GC invocations=4 (full 1):
 PSYoungGen      total 76288K, used 8189K [0x000000076ab00000, 0x0000000774000000, 0x00000007c0000000)
  eden space 65536K, 0% used [0x000000076ab00000,0x000000076ab00000,0x000000076eb00000)
  from space 10752K, 76% used [0x000000076eb00000,0x000000076f2ff7c8,0x000000076f580000)
  to   space 10752K, 0% used [0x0000000773580000,0x0000000773580000,0x0000000774000000)
 ParOldGen       total 175104K, used 104K [0x00000006c0000000, 0x00000006cab00000, 0x000000076ab00000)
  object space 175104K, 0% used [0x00000006c0000000,0x00000006c001a010,0x00000006cab00000)
 Metaspace       used 20804K, capacity 21078K, committed 21248K, reserved 1067008K
  class space    used 2624K, capacity 2704K, committed 2816K, reserved 1048576K
Event: 2.015 GC heap after
Heap after GC invocations=4 (full 1):
 PSYoungGen      total 76288K, used 0K [0x000000076ab00000, 0x0000000774000000, 0x00000007c0000000)
  eden space 65536K, 0% used [0x000000076ab00000,0x000000076ab00000,0x000000076eb00000)
  from space 10752K, 0% used [0x000000076eb00000,0x000000076eb00000,0x000000076f580000)
  to   space 10752K, 0% used [0x0000000773580000,0x0000000773580000,0x0000000774000000)
 ParOldGen       total 110592K, used 8080K [0x00000006c0000000, 0x00000006c6c00000, 0x000000076ab00000)
  object space 110592K, 7% used [0x00000006c0000000,0x00000006c07e42d8,0x00000006c6c00000)
 Metaspace       used 20804K, capacity 21078K, committed 21248K, reserved 1067008K
  class space    used 2624K, capacity 2704K, committed 2816K, reserved 1048576K
}
Event: 2.546 GC heap before
{Heap before GC invocations=5 (full 1):
 PSYoungGen      total 76288K, used 65536K [0x000000076ab00000, 0x0000000774000000, 0x00000007c0000000)
  eden space 65536K, 100% used [0x000000076ab00000,0x000000076eb00000,0x000000076eb00000)
  from space 10752K, 0% used [0x000000076eb00000,0x000000076eb00000,0x000000076f580000)
  to   space 10752K, 0% used [0x0000000773580000,0x0000000773580000,0x0000000774000000)
 ParOldGen       total 110592K, used 8080K [0x00000006c0000000, 0x00000006c6c00000, 0x000000076ab00000)
  object space 110592K, 7% used [0x00000006c0000000,0x00000006c07e42d8,0x00000006c6c00000)
 Metaspace       used 24582K, capacity 24924K, committed 25088K, reserved 1071104K
  class space    used 3114K, capacity 3217K, committed 3328K, reserved 1048576K
Event: 2.555 GC heap after
Heap after GC invocations=5 (full 1):
 PSYoungGen      total 102912K, used 9126K [0x000000076ab00000, 0x0000000773e80000, 0x00000007c0000000)
  eden space 93696K, 0% used [0x000000076ab00000,0x000000076ab00000,0x0000000770680000)
  from space 9216K, 99% used [0x0000000773580000,0x0000000773e69900,0x0000000773e80000)
  to   space 10752K, 0% used [0x0000000772980000,0x0000000772980000,0x0000000773400000)
 ParOldGen       total 110592K, used 8088K [0x00000006c0000000, 0x00000006c6c00000, 0x000000076ab00000)
  object space 110592K, 7% used [0x00000006c0000000,0x00000006c07e62d8,0x00000006c6c00000)
 Metaspace       used 24582K, capacity 24924K, committed 25088K, reserved 1071104K
  class space    used 3114K, capacity 3217K, committed 3328K, reserved 1048576K
}
Event: 3.238 GC heap before
{Heap before GC invocations=6 (full 1):
 PSYoungGen      total 102912K, used 102822K [0x000000076ab00000, 0x0000000773e80000, 0x00000007c0000000)
  eden space 93696K, 100% used [0x000000076ab00000,0x0000000770680000,0x0000000770680000)
  from space 9216K, 99% used [0x0000000773580000,0x0000000773e69900,0x0000000773e80000)
  to   space 10752K, 0% used [0x0000000772980000,0x0000000772980000,0x0000000773400000)
 ParOldGen       total 110592K, used 8088K [0x00000006c0000000, 0x00000006c6c00000, 0x000000076ab00000)
  object space 110592K, 7% used [0x00000006c0000000,0x00000006c07e62d8,0x00000006c6c00000)
 Metaspace       used 28920K, capacity 29328K, committed 29440K, reserved 1075200K
  class space    used 3682K, capacity 3816K, committed 3840K, reserved 1048576K
Event: 3.251 GC heap after
Heap after GC invocations=6 (full 1):
 PSYoungGen      total 140288K, used 10750K [0x000000076ab00000, 0x0000000774980000, 0x00000007c0000000)
  eden space 129536K, 0% used [0x000000076ab00000,0x000000076ab00000,0x0000000772980000)
  from space 10752K, 99% used [0x0000000772980000,0x00000007733ffb50,0x0000000773400000)
  to   space 13824K, 0% used [0x0000000773c00000,0x0000000773c00000,0x0000000774980000)
 ParOldGen       total 110592K, used 11742K [0x00000006c0000000, 0x00000006c6c00000, 0x000000076ab00000)
  object space 110592K, 10% used [0x00000006c0000000,0x00000006c0b77bf0,0x00000006c6c00000)
 Metaspace       used 28920K, capacity 29328K, committed 29440K, reserved 1075200K
  class space    used 3682K, capacity 3816K, committed 3840K, reserved 1048576K
}
Event: 21.051 GC heap before
{Heap before GC invocations=7 (full 1):
 PSYoungGen      total 140288K, used 79252K [0x000000076ab00000, 0x0000000774980000, 0x00000007c0000000)
  eden space 129536K, 52% used [0x000000076ab00000,0x000000076ede5730,0x0000000772980000)
  from space 10752K, 99% used [0x0000000772980000,0x00000007733ffb50,0x0000000773400000)
  to   space 13824K, 0% used [0x0000000773c00000,0x0000000773c00000,0x0000000774980000)
 ParOldGen       total 110592K, used 11742K [0x00000006c0000000, 0x00000006c6c00000, 0x000000076ab00000)
  object space 110592K, 10% used [0x00000006c0000000,0x00000006c0b77bf0,0x00000006c6c00000)
 Metaspace       used 34754K, capacity 35184K, committed 35416K, reserved 1081344K
  class space    used 4402K, capacity 4539K, committed 4608K, reserved 1048576K
Event: 21.064 GC heap after
Heap after GC invocations=7 (full 1):
 PSYoungGen      total 145920K, used 13806K [0x000000076ab00000, 0x0000000777880000, 0x00000007c0000000)
  eden space 132096K, 0% used [0x000000076ab00000,0x000000076ab00000,0x0000000772c00000)
  from space 13824K, 99% used [0x0000000773c00000,0x000000077497bbe8,0x0000000774980000)
  to   space 16384K, 0% used [0x0000000772c00000,0x0000000772c00000,0x0000000773c00000)
 ParOldGen       total 110592K, used 13812K [0x00000006c0000000, 0x00000006c6c00000, 0x000000076ab00000)
  object space 110592K, 12% used [0x00000006c0000000,0x00000006c0d7d120,0x00000006c6c00000)
 Metaspace       used 34754K, capacity 35184K, committed 35416K, reserved 1081344K
  class space    used 4402K, capacity 4539K, committed 4608K, reserved 1048576K
}
Event: 21.064 GC heap before
{Heap before GC invocations=8 (full 2):
 PSYoungGen      total 145920K, used 13806K [0x000000076ab00000, 0x0000000777880000, 0x00000007c0000000)
  eden space 132096K, 0% used [0x000000076ab00000,0x000000076ab00000,0x0000000772c00000)
  from space 13824K, 99% used [0x0000000773c00000,0x000000077497bbe8,0x0000000774980000)
  to   space 16384K, 0% used [0x0000000772c00000,0x0000000772c00000,0x0000000773c00000)
 ParOldGen       total 110592K, used 13812K [0x00000006c0000000, 0x00000006c6c00000, 0x000000076ab00000)
  object space 110592K, 12% used [0x00000006c0000000,0x00000006c0d7d120,0x00000006c6c00000)
 Metaspace       used 34754K, capacity 35184K, committed 35416K, reserved 1081344K
  class space    used 4402K, capacity 4539K, committed 4608K, reserved 1048576K
Event: 21.155 GC heap after
Heap after GC invocations=8 (full 2):
 PSYoungGen      total 145920K, used 0K [0x000000076ab00000, 0x0000000777880000, 0x00000007c0000000)
  eden space 132096K, 0% used [0x000000076ab00000,0x000000076ab00000,0x0000000772c00000)
  from space 13824K, 0% used [0x0000000773c00000,0x0000000773c00000,0x0000000774980000)
  to   space 16384K, 0% used [0x0000000772c00000,0x0000000772c00000,0x0000000773c00000)
 ParOldGen       total 179712K, used 21654K [0x00000006c0000000, 0x00000006caf80000, 0x000000076ab00000)
  object space 179712K, 12% used [0x00000006c0000000,0x00000006c1525bd8,0x00000006caf80000)
 Metaspace       used 34754K, capacity 35184K, committed 35416K, reserved 1081344K
  class space    used 4402K, capacity 4539K, committed 4608K, reserved 1048576K
}

