# JRE version: Java(TM) SE Runtime Environment (8.0_144-b01) (build 1.8.0_144-b01)
# Java VM: Java HotSpot(TM) 64-Bit Server VM (25.144-b01 mixed mode bsd-amd64 compressed oops)
Heap:
 PSYoungGen      total 186368K, used 19283K [0x000000076ab00000, 0x0000000779000000, 0x00000007c0000000)
  eden space 172032K, 11% used [0x000000076ab00000,0x000000076bdd4c48,0x0000000775300000)
  from space 14336K, 0% used [0x0000000776300000,0x0000000776300000,0x0000000777100000)
  to   space 16384K, 0% used [0x0000000775300000,0x0000000775300000,0x0000000776300000)
 ParOldGen       total 140288K, used 21700K [0x00000006c0000000, 0x00000006c8900000, 0x000000076ab00000)
  object space 140288K, 15% used [0x00000006c0000000,0x00000006c15312e8,0x00000006c8900000)
 Metaspace       used 36132K, capacity 36592K, committed 36952K, reserved 1081344K
  class space    used 4628K, capacity 4795K, committed 4864K, reserved 1048576K
GC Heap History (10 events):
Event: 3.040 GC heap before
{Heap before GC invocations=4 (full 1):
 PSYoungGen      total 76288K, used 8094K [0x000000076ab00000, 0x0000000774000000, 0x00000007c0000000)
  eden space 65536K, 0% used [0x000000076ab00000,0x000000076ab00000,0x000000076eb00000)
  from space 10752K, 75% used [0x000000076eb00000,0x000000076f2e7b90,0x000000076f580000)
  to   space 10752K, 0% used [0x0000000773580000,0x0000000773580000,0x0000000774000000)
 ParOldGen       total 175104K, used 104K [0x00000006c0000000, 0x00000006cab00000, 0x000000076ab00000)
  object space 175104K, 0% used [0x00000006c0000000,0x00000006c001a010,0x00000006cab00000)
 Metaspace       used 20811K, capacity 21078K, committed 21248K, reserved 1067008K
  class space    used 2626K, capacity 2704K, committed 2816K, reserved 1048576K
Event: 3.073 GC heap after
Heap after GC invocations=4 (full 1):
 PSYoungGen      total 76288K, used 0K [0x000000076ab00000, 0x0000000774000000, 0x00000007c0000000)
  eden space 65536K, 0% used [0x000000076ab00000,0x000000076ab00000,0x000000076eb00000)
  from space 10752K, 0% used [0x000000076eb00000,0x000000076eb00000,0x000000076f580000)
  to   space 10752K, 0% used [0x0000000773580000,0x0000000773580000,0x0000000774000000)
 ParOldGen       total 97280K, used 8011K [0x00000006c0000000, 0x00000006c5f00000, 0x000000076ab00000)
  object space 97280K, 8% used [0x00000006c0000000,0x00000006c07d2f78,0x00000006c5f00000)
 Metaspace       used 20811K, capacity 21078K, committed 21248K, reserved 1067008K
  class space    used 2626K, capacity 2704K, committed 2816K, reserved 1048576K
}
Event: 3.547 GC heap before
{Heap before GC invocations=5 (full 1):
 PSYoungGen      total 76288K, used 65536K [0x000000076ab00000, 0x0000000774000000, 0x00000007c0000000)
  eden space 65536K, 100% used [0x000000076ab00000,0x000000076eb00000,0x000000076eb00000)
  from space 10752K, 0% used [0x000000076eb00000,0x000000076eb00000,0x000000076f580000)
  to   space 10752K, 0% used [0x0000000773580000,0x0000000773580000,0x0000000774000000)
 ParOldGen       total 97280K, used 8011K [0x00000006c0000000, 0x00000006c5f00000, 0x000000076ab00000)
  object space 97280K, 8% used [0x00000006c0000000,0x00000006c07d2f78,0x00000006c5f00000)
 Metaspace       used 24578K, capacity 24924K, committed 25088K, reserved 1071104K
  class space    used 3118K, capacity 3217K, committed 3328K, reserved 1048576K
Event: 3.554 GC heap after
Heap after GC invocations=5 (full 1):
 PSYoungGen      total 116224K, used 9082K [0x000000076ab00000, 0x0000000773e80000, 0x00000007c0000000)
  eden space 107008K, 0% used [0x000000076ab00000,0x000000076ab00000,0x0000000771380000)
  from space 9216K, 98% used [0x0000000773580000,0x0000000773e5e9c8,0x0000000773e80000)
  to   space 10752K, 0% used [0x0000000772980000,0x0000000772980000,0x0000000773400000)
 ParOldGen       total 97280K, used 8019K [0x00000006c0000000, 0x00000006c5f00000, 0x000000076ab00000)
  object space 97280K, 8% used [0x00000006c0000000,0x00000006c07d4f78,0x00000006c5f00000)
 Metaspace       used 24578K, capacity 24924K, committed 25088K, reserved 1071104K
  class space    used 3118K, capacity 3217K, committed 3328K, reserved 1048576K
}
Event: 4.333 GC heap before
{Heap before GC invocations=6 (full 1):
 PSYoungGen      total 116224K, used 116090K [0x000000076ab00000, 0x0000000773e80000, 0x00000007c0000000)
  eden space 107008K, 100% used [0x000000076ab00000,0x0000000771380000,0x0000000771380000)
  from space 9216K, 98% used [0x0000000773580000,0x0000000773e5e9c8,0x0000000773e80000)
  to   space 10752K, 0% used [0x0000000772980000,0x0000000772980000,0x0000000773400000)
 ParOldGen       total 97280K, used 8019K [0x00000006c0000000, 0x00000006c5f00000, 0x000000076ab00000)
  object space 97280K, 8% used [0x00000006c0000000,0x00000006c07d4f78,0x00000006c5f00000)
 Metaspace       used 29248K, capacity 29648K, committed 29824K, reserved 1075200K
  class space    used 3737K, capacity 3880K, committed 3968K, reserved 1048576K
Event: 4.347 GC heap after
Heap after GC invocations=6 (full 1):
 PSYoungGen      total 140288K, used 10720K [0x000000076ab00000, 0x0000000777100000, 0x00000007c0000000)
  eden space 129536K, 0% used [0x000000076ab00000,0x000000076ab00000,0x0000000772980000)
  from space 10752K, 99% used [0x0000000772980000,0x00000007733f82f0,0x0000000773400000)
  to   space 14336K, 0% used [0x0000000776300000,0x0000000776300000,0x0000000777100000)
 ParOldGen       total 97280K, used 12411K [0x00000006c0000000, 0x00000006c5f00000, 0x000000076ab00000)
  object space 97280K, 12% used [0x00000006c0000000,0x00000006c0c1ede8,0x00000006c5f00000)
 Metaspace       used 29248K, capacity 29648K, committed 29824K, reserved 1075200K
  class space    used 3737K, capacity 3880K, committed 3968K, reserved 1048576K
}
Event: 129.076 GC heap before
{Heap before GC invocations=7 (full 1):
 PSYoungGen      total 140288K, used 66041K [0x000000076ab00000, 0x0000000777100000, 0x00000007c0000000)
  eden space 129536K, 42% used [0x000000076ab00000,0x000000076e106370,0x0000000772980000)
  from space 10752K, 99% used [0x0000000772980000,0x00000007733f82f0,0x0000000773400000)
  to   space 14336K, 0% used [0x0000000776300000,0x0000000776300000,0x0000000777100000)
 ParOldGen       total 97280K, used 12411K [0x00000006c0000000, 0x00000006c5f00000, 0x000000076ab00000)
  object space 97280K, 12% used [0x00000006c0000000,0x00000006c0c1ede8,0x00000006c5f00000)
 Metaspace       used 34757K, capacity 35216K, committed 35416K, reserved 1081344K
  class space    used 4406K, capacity 4571K, committed 4608K, reserved 1048576K
Event: 129.088 GC heap after
Heap after GC invocations=7 (full 1):
 PSYoungGen      total 186368K, used 14313K [0x000000076ab00000, 0x0000000779000000, 0x00000007c0000000)
  eden space 172032K, 0% used [0x000000076ab00000,0x000000076ab00000,0x0000000775300000)
  from space 14336K, 99% used [0x0000000776300000,0x00000007770fa570,0x0000000777100000)
  to   space 16384K, 0% used [0x0000000775300000,0x0000000775300000,0x0000000776300000)
 ParOldGen       total 97280K, used 13369K [0x00000006c0000000, 0x00000006c5f00000, 0x000000076ab00000)
  object space 97280K, 13% used [0x00000006c0000000,0x00000006c0d0e6c0,0x00000006c5f00000)
 Metaspace       used 34757K, capacity 35216K, committed 35416K, reserved 1081344K
  class space    used 4406K, capacity 4571K, committed 4608K, reserved 1048576K
}
Event: 129.088 GC heap before
{Heap before GC invocations=8 (full 2):
 PSYoungGen      total 186368K, used 14313K [0x000000076ab00000, 0x0000000779000000, 0x00000007c0000000)
  eden space 172032K, 0% used [0x000000076ab00000,0x000000076ab00000,0x0000000775300000)
  from space 14336K, 99% used [0x0000000776300000,0x00000007770fa570,0x0000000777100000)
  to   space 16384K, 0% used [0x0000000775300000,0x0000000775300000,0x0000000776300000)
 ParOldGen       total 97280K, used 13369K [0x00000006c0000000, 0x00000006c5f00000, 0x000000076ab00000)
  object space 97280K, 13% used [0x00000006c0000000,0x00000006c0d0e6c0,0x00000006c5f00000)
 Metaspace       used 34757K, capacity 35216K, committed 35416K, reserved 1081344K
  class space    used 4406K, capacity 4571K, committed 4608K, reserved 1048576K
Event: 129.148 GC heap after
Heap after GC invocations=8 (full 2):
 PSYoungGen      total 186368K, used 0K [0x000000076ab00000, 0x0000000779000000, 0x00000007c0000000)
  eden space 172032K, 0% used [0x000000076ab00000,0x000000076ab00000,0x0000000775300000)
  from space 14336K, 0% used [0x0000000776300000,0x0000000776300000,0x0000000777100000)
  to   space 16384K, 0% used [0x0000000775300000,0x0000000775300000,0x0000000776300000)
 ParOldGen       total 140288K, used 21700K [0x00000006c0000000, 0x00000006c8900000, 0x000000076ab00000)
  object space 140288K, 15% used [0x00000006c0000000,0x00000006c15312e8,0x00000006c8900000)
 Metaspace       used 34757K, capacity 35216K, committed 35416K, reserved 1081344K
  class space    used 4406K, capacity 4571K, committed 4608K, reserved 1048576K
}

